
Loading MNIST Data...

Loading Training Data...

Loading Testing Data...

Preparing Classifier Training and Validation Data...

SVM Classifier with gamma = 0.1; Kernel = polynomial

Pickling the Classifier for Future Use...

Calculating Accuracy of trained Classifier...

Making Predictions on Validation Data...

Calculating Accuracy of Predictions...

Creating Confusion Matrix...

SVM Trained Classifier Accuracy:  0.9783333333333334

Predicted Values:  [0 3 7 ... 3 1 8]

Accuracy of Classifier on Validation Images:  0.9783333333333334

Confusion Matrix: 
 [[635   0   1   1   0   2   1   0   0   0]
 [  0 644   0   0   0   0   1   1   1   1]
 [  1   1 573   2   1   0   2   4   1   0]
 [  2   0   6 603   0   2   0   3   5   1]
 [  0   2   1   0 550   1   2   1   2   2]
 [  1   2   4   3   0 524   2   1   1   3]
 [  1   1   1   0   0   5 581   0   0   0]
 [  0   3   3   1   2   0   0 620   0   8]
 [  2   1   2   2   1   6   1   0 596   1]
 [  1   0   1   5   6   3   0   4   1 544]]

Making Predictions on Test Input Images...

Calculating Accuracy of Trained Classifier on Test Data... 

 Creating Confusion Matrix for Test Data...

Predicted Labels for Test Images:  [7 2 1 ... 4 5 6]

Accuracy of Classifier on Test Images:  0.9782

Confusion Matrix for Test Data: 
 [[ 972    0    1    0    0    3    1    1    2    0]
 [   0 1124    2    1    1    0    3    0    4    0]
 [   7    0 1006    0    2    2    5    7    3    0]
 [   0    2    2  986    0    6    0    5    6    3]
 [   2    0    2    0  966    0    4    1    0    7]
 [   2    0    2   11    1  864    3    1    5    3]
 [   4    5    1    0    3    4  939    0    2    0]
 [   0   10    9    2    0    0    0 1001    0    6]
 [   5    0    1    3    3    5    1    4  949    3]
 [   4    6    1    4   10    3    1    2    3  975]]
